<?xml version="1.0" encoding="UTF-8"?>
<!-- Generated by org.testng.reporters.JUnitReportReporter -->
<testsuite skipped="0" hostname="MCCVJPH2" name="runner.TestRunner" tests="1" failures="0" timestamp="20 Apr 2018 20:11:33 GMT" time="21.164" errors="0">
  <testcase name="feature" time="21.164" classname="runner.TestRunner"/>
</testsuite> <!-- runner.TestRunner -->
