<?xml version="1.0" encoding="UTF-8"?>
<!-- Generated by org.testng.reporters.JUnitReportReporter -->
<testsuite skipped="0" hostname="MCCVJPH2" name="runner.TestRunner" tests="1" failures="0" timestamp="08 May 2018 17:54:17 GMT" time="18.545" errors="0">
  <testcase name="feature" time="18.545" classname="runner.TestRunner"/>
</testsuite> <!-- runner.TestRunner -->
